[16:41:08] [ServerMain/INFO]: Environment: Environment[sessionHost=https://sessionserver.mojang.com, servicesHost=https://api.minecraftservices.com, name=PROD]
[16:41:09] [ServerMain/INFO]: Loaded 1290 recipes
[16:41:10] [Server thread/INFO]: Starting minecraft server version 1.21.1
[16:41:10] [Server thread/INFO]: Loading properties
[16:41:10] [Server thread/INFO]: This server is running CraftBukkit version 4344-Spigot-a759b62-19bf846 (MC: 1.21.1) (Implementing API version 1.21.1-R0.1-SNAPSHOT)
[16:41:11] [Server thread/INFO]: *** This version of Spigot contains changes to some enums. If you notice that plugins no longer work after updating, please report this to the developers of those plugins first. ***
[16:41:11] [Server thread/INFO]: *** If you cannot update those plugins, you can try setting `settings.compatibility.enum-compatibility-mode` to `true` in `bukkit.yml`. ***
[16:41:11] [Server thread/INFO]: Debug logging is disabled
[16:41:11] [Server thread/INFO]: Server Ping Player Sample Count: 12
[16:41:11] [Server thread/INFO]: Using 4 threads for Netty based IO
[16:41:11] [Server thread/INFO]: Default game type: SURVIVAL
[16:41:11] [Server thread/INFO]: Generating keypair
[16:41:11] [Server thread/INFO]: Starting Minecraft server on *:25565
[16:41:11] [Server thread/INFO]: Using default channel type
[16:41:11] [Server thread/INFO]: [WorldEdit] Loading WorldEdit v7.3.8+6939-7d32b45
[16:41:12] [Server thread/INFO]: Got request to register class com.sk89q.worldedit.bukkit.BukkitServerInterface with WorldEdit [com.sk89q.worldedit.extension.platform.PlatformManager@6a587b4e]
[16:41:12] [Server thread/INFO]: [HideAndSeek] Loading HideAndSeek v1.0
[16:41:12] [Server thread/INFO]: [WorldEdit] Enabling WorldEdit v7.3.8+6939-7d32b45
[16:41:12] [Server thread/INFO]: Registering commands with com.sk89q.worldedit.bukkit.BukkitServerInterface
[16:41:12] [Server thread/INFO]: WEPIF: Using the Bukkit Permissions API.
[16:41:12] [Server thread/INFO]: Using com.sk89q.worldedit.bukkit.adapter.impl.v1_21.PaperweightAdapter as the Bukkit adapter
[16:41:13] [Server thread/INFO]: [WorldEdit] ====================================================
[16:41:13] [Server thread/INFO]: [WorldEdit]  WorldEdit works better if you use Paper 
[16:41:13] [Server thread/INFO]: [WorldEdit]  as your server software. 
[16:41:13] [Server thread/INFO]: [WorldEdit]   
[16:41:13] [Server thread/INFO]: [WorldEdit]  Paper offers significant performance improvements,
[16:41:13] [Server thread/INFO]: [WorldEdit]  bug fixes, security enhancements and optional
[16:41:13] [Server thread/INFO]: [WorldEdit]  features for server owners to enhance their server.
[16:41:13] [Server thread/INFO]: [WorldEdit]   
[16:41:13] [Server thread/INFO]: [WorldEdit]  Paper includes Timings v2, which is significantly
[16:41:13] [Server thread/INFO]: [WorldEdit]  better at diagnosing lag problems over v1.
[16:41:13] [Server thread/INFO]: [WorldEdit]   
[16:41:13] [Server thread/INFO]: [WorldEdit]  All of your plugins should still work, and the
[16:41:13] [Server thread/INFO]: [WorldEdit]  Paper community will gladly help you fix any issues.
[16:41:13] [Server thread/INFO]: [WorldEdit]   
[16:41:13] [Server thread/INFO]: [WorldEdit]  Join the Paper Community @ https://papermc.io
[16:41:13] [Server thread/INFO]: [WorldEdit] ====================================================
[16:41:13] [Server thread/WARN]: **** SERVER IS RUNNING IN OFFLINE/INSECURE MODE!
[16:41:13] [Server thread/WARN]: The server will make no attempt to authenticate usernames. Beware.
[16:41:13] [Server thread/WARN]: While this makes the game possible to play without internet access, it also opens up the ability for hackers to connect with any username they choose.
[16:41:13] [Server thread/WARN]: To change this, set "online-mode" to "true" in the server.properties file.
[16:41:13] [Server thread/INFO]: Preparing level "world"
[16:41:13] [Server thread/INFO]: -------- World Settings For [world] --------
[16:41:13] [Server thread/INFO]: Item Despawn Rate: 6000
[16:41:13] [Server thread/INFO]: View Distance: 16
[16:41:13] [Server thread/INFO]: Simulation Distance: 16
[16:41:13] [Server thread/INFO]: Item Merge Radius: 2.5
[16:41:13] [Server thread/INFO]: Experience Merge Radius: 3.0
[16:41:13] [Server thread/INFO]: Hopper Transfer: 8 Hopper Check: 1 Hopper Amount: 1 Hopper Can Load Chunks: false
[16:41:13] [Server thread/INFO]: Allow Zombie Pigmen to spawn from portal blocks: true
[16:41:13] [Server thread/INFO]: Arrow Despawn Rate: 1200 Trident Respawn Rate:1200
[16:41:13] [Server thread/INFO]: Zombie Aggressive Towards Villager: true
[16:41:13] [Server thread/INFO]: Nerfing mobs spawned from spawners: false
[16:41:13] [Server thread/INFO]: Mob Spawn Range: 6
[16:41:13] [Server thread/INFO]: Tile Max Tick Time: 50ms Entity max Tick Time: 50ms
[16:41:13] [Server thread/INFO]: Max TNT Explosions: 100
[16:41:13] [Server thread/INFO]: Entity Tracking Range: Pl 48 / An 48 / Mo 48 / Mi 32 / Di 128 / Other 64
[16:41:13] [Server thread/INFO]: Custom Map Seeds:  Village: 10387312 Desert: 14357617 Igloo: 14357618 Jungle: 14357619 Swamp: 14357620 Monument: 10387313 Ocean: 14357621 Shipwreck: 165745295 End City: 10387313 Slime: 987234911 Nether: 30084232 Mansion: 10387319 Fossil: 14357921 Portal: 34222645
[16:41:13] [Server thread/INFO]: Cactus Growth Modifier: 100%
[16:41:13] [Server thread/INFO]: Cane Growth Modifier: 100%
[16:41:13] [Server thread/INFO]: Melon Growth Modifier: 100%
[16:41:13] [Server thread/INFO]: Mushroom Growth Modifier: 100%
[16:41:13] [Server thread/INFO]: Pumpkin Growth Modifier: 100%
[16:41:13] [Server thread/INFO]: Sapling Growth Modifier: 100%
[16:41:13] [Server thread/INFO]: Beetroot Growth Modifier: 100%
[16:41:13] [Server thread/INFO]: Carrot Growth Modifier: 100%
[16:41:13] [Server thread/INFO]: Potato Growth Modifier: 100%
[16:41:13] [Server thread/INFO]: Wheat Growth Modifier: 100%
[16:41:13] [Server thread/INFO]: NetherWart Growth Modifier: 100%
[16:41:13] [Server thread/INFO]: Vine Growth Modifier: 100%
[16:41:13] [Server thread/INFO]: Cocoa Growth Modifier: 100%
[16:41:13] [Server thread/INFO]: Bamboo Growth Modifier: 100%
[16:41:13] [Server thread/INFO]: SweetBerry Growth Modifier: 100%
[16:41:13] [Server thread/INFO]: Kelp Growth Modifier: 100%
[16:41:13] [Server thread/INFO]: TwistingVines Growth Modifier: 100%
[16:41:13] [Server thread/INFO]: WeepingVines Growth Modifier: 100%
[16:41:13] [Server thread/INFO]: CaveVines Growth Modifier: 100%
[16:41:13] [Server thread/INFO]: Entity Activation Range: An 32 / Mo 32 / Ra 48 / Mi 16 / Tiv true / Isa false
[16:41:13] [Server thread/INFO]: -------- World Settings For [world_nether] --------
[16:41:13] [Server thread/INFO]: Item Despawn Rate: 6000
[16:41:13] [Server thread/INFO]: View Distance: 16
[16:41:13] [Server thread/INFO]: Simulation Distance: 16
[16:41:13] [Server thread/INFO]: Item Merge Radius: 2.5
[16:41:13] [Server thread/INFO]: Experience Merge Radius: 3.0
[16:41:13] [Server thread/INFO]: Hopper Transfer: 8 Hopper Check: 1 Hopper Amount: 1 Hopper Can Load Chunks: false
[16:41:13] [Server thread/INFO]: Allow Zombie Pigmen to spawn from portal blocks: true
[16:41:13] [Server thread/INFO]: Arrow Despawn Rate: 1200 Trident Respawn Rate:1200
[16:41:13] [Server thread/INFO]: Zombie Aggressive Towards Villager: true
[16:41:13] [Server thread/INFO]: Nerfing mobs spawned from spawners: false
[16:41:13] [Server thread/INFO]: Mob Spawn Range: 6
[16:41:13] [Server thread/INFO]: Tile Max Tick Time: 50ms Entity max Tick Time: 50ms
[16:41:13] [Server thread/INFO]: Max TNT Explosions: 100
[16:41:13] [Server thread/INFO]: Entity Tracking Range: Pl 48 / An 48 / Mo 48 / Mi 32 / Di 128 / Other 64
[16:41:13] [Server thread/INFO]: Custom Map Seeds:  Village: 10387312 Desert: 14357617 Igloo: 14357618 Jungle: 14357619 Swamp: 14357620 Monument: 10387313 Ocean: 14357621 Shipwreck: 165745295 End City: 10387313 Slime: 987234911 Nether: 30084232 Mansion: 10387319 Fossil: 14357921 Portal: 34222645
[16:41:13] [Server thread/INFO]: Cactus Growth Modifier: 100%
[16:41:13] [Server thread/INFO]: Cane Growth Modifier: 100%
[16:41:13] [Server thread/INFO]: Melon Growth Modifier: 100%
[16:41:13] [Server thread/INFO]: Mushroom Growth Modifier: 100%
[16:41:13] [Server thread/INFO]: Pumpkin Growth Modifier: 100%
[16:41:13] [Server thread/INFO]: Sapling Growth Modifier: 100%
[16:41:13] [Server thread/INFO]: Beetroot Growth Modifier: 100%
[16:41:13] [Server thread/INFO]: Carrot Growth Modifier: 100%
[16:41:13] [Server thread/INFO]: Potato Growth Modifier: 100%
[16:41:13] [Server thread/INFO]: Wheat Growth Modifier: 100%
[16:41:13] [Server thread/INFO]: NetherWart Growth Modifier: 100%
[16:41:13] [Server thread/INFO]: Vine Growth Modifier: 100%
[16:41:13] [Server thread/INFO]: Cocoa Growth Modifier: 100%
[16:41:13] [Server thread/INFO]: Bamboo Growth Modifier: 100%
[16:41:13] [Server thread/INFO]: SweetBerry Growth Modifier: 100%
[16:41:13] [Server thread/INFO]: Kelp Growth Modifier: 100%
[16:41:13] [Server thread/INFO]: TwistingVines Growth Modifier: 100%
[16:41:13] [Server thread/INFO]: WeepingVines Growth Modifier: 100%
[16:41:13] [Server thread/INFO]: CaveVines Growth Modifier: 100%
[16:41:13] [Server thread/INFO]: Entity Activation Range: An 32 / Mo 32 / Ra 48 / Mi 16 / Tiv true / Isa false
[16:41:13] [Server thread/INFO]: -------- World Settings For [world_the_end] --------
[16:41:13] [Server thread/INFO]: Item Despawn Rate: 6000
[16:41:13] [Server thread/INFO]: View Distance: 16
[16:41:13] [Server thread/INFO]: Simulation Distance: 16
[16:41:13] [Server thread/INFO]: Item Merge Radius: 2.5
[16:41:13] [Server thread/INFO]: Experience Merge Radius: 3.0
[16:41:13] [Server thread/INFO]: Hopper Transfer: 8 Hopper Check: 1 Hopper Amount: 1 Hopper Can Load Chunks: false
[16:41:13] [Server thread/INFO]: Allow Zombie Pigmen to spawn from portal blocks: true
[16:41:13] [Server thread/INFO]: Arrow Despawn Rate: 1200 Trident Respawn Rate:1200
[16:41:13] [Server thread/INFO]: Zombie Aggressive Towards Villager: true
[16:41:13] [Server thread/INFO]: Nerfing mobs spawned from spawners: false
[16:41:13] [Server thread/INFO]: Mob Spawn Range: 6
[16:41:13] [Server thread/INFO]: Tile Max Tick Time: 50ms Entity max Tick Time: 50ms
[16:41:13] [Server thread/INFO]: Max TNT Explosions: 100
[16:41:13] [Server thread/INFO]: Entity Tracking Range: Pl 48 / An 48 / Mo 48 / Mi 32 / Di 128 / Other 64
[16:41:13] [Server thread/INFO]: Custom Map Seeds:  Village: 10387312 Desert: 14357617 Igloo: 14357618 Jungle: 14357619 Swamp: 14357620 Monument: 10387313 Ocean: 14357621 Shipwreck: 165745295 End City: 10387313 Slime: 987234911 Nether: 30084232 Mansion: 10387319 Fossil: 14357921 Portal: 34222645
[16:41:13] [Server thread/INFO]: Cactus Growth Modifier: 100%
[16:41:13] [Server thread/INFO]: Cane Growth Modifier: 100%
[16:41:13] [Server thread/INFO]: Melon Growth Modifier: 100%
[16:41:13] [Server thread/INFO]: Mushroom Growth Modifier: 100%
[16:41:13] [Server thread/INFO]: Pumpkin Growth Modifier: 100%
[16:41:13] [Server thread/INFO]: Sapling Growth Modifier: 100%
[16:41:13] [Server thread/INFO]: Beetroot Growth Modifier: 100%
[16:41:13] [Server thread/INFO]: Carrot Growth Modifier: 100%
[16:41:13] [Server thread/INFO]: Potato Growth Modifier: 100%
[16:41:13] [Server thread/INFO]: Wheat Growth Modifier: 100%
[16:41:13] [Server thread/INFO]: NetherWart Growth Modifier: 100%
[16:41:13] [Server thread/INFO]: Vine Growth Modifier: 100%
[16:41:13] [Server thread/INFO]: Cocoa Growth Modifier: 100%
[16:41:13] [Server thread/INFO]: Bamboo Growth Modifier: 100%
[16:41:13] [Server thread/INFO]: SweetBerry Growth Modifier: 100%
[16:41:13] [Server thread/INFO]: Kelp Growth Modifier: 100%
[16:41:13] [Server thread/INFO]: TwistingVines Growth Modifier: 100%
[16:41:13] [Server thread/INFO]: WeepingVines Growth Modifier: 100%
[16:41:13] [Server thread/INFO]: CaveVines Growth Modifier: 100%
[16:41:13] [Server thread/INFO]: Entity Activation Range: An 32 / Mo 32 / Ra 48 / Mi 16 / Tiv true / Isa false
[16:41:13] [Server thread/INFO]: Preparing start region for dimension minecraft:overworld
[16:41:14] [Worker-Main-6/INFO]: Preparing spawn area: 0%
[16:41:14] [Server thread/INFO]: Time elapsed: 321 ms
[16:41:14] [Server thread/INFO]: Preparing start region for dimension minecraft:the_nether
[16:41:14] [Worker-Main-2/INFO]: Preparing spawn area: 0%
[16:41:14] [Server thread/INFO]: Time elapsed: 147 ms
[16:41:14] [Server thread/INFO]: Preparing start region for dimension minecraft:the_end
[16:41:14] [Worker-Main-3/INFO]: Preparing spawn area: 0%
[16:41:14] [Server thread/INFO]: Time elapsed: 142 ms
[16:41:14] [Server thread/INFO]: [HideAndSeek] Enabling HideAndSeek v1.0
[16:41:14] [Server thread/INFO]: Server permissions file permissions.yml is empty, ignoring it
[16:41:14] [Server thread/INFO]: Done (1.133s)! For help, type "help"
[16:41:19] [Server thread/INFO]: Stopping the server
[16:41:19] [Server thread/INFO]: Stopping server
[16:41:19] [Server thread/INFO]: [HideAndSeek] Disabling HideAndSeek v1.0
[16:41:19] [Server thread/INFO]: [WorldEdit] Disabling WorldEdit v7.3.8+6939-7d32b45
[16:41:19] [Server thread/INFO]: Unregistering com.sk89q.worldedit.bukkit.BukkitServerInterface from WorldEdit
[16:41:19] [Server thread/INFO]: Saving players
[16:41:19] [Server thread/INFO]: Saving worlds
[16:41:19] [Server thread/INFO]: Saving chunks for level 'ServerLevel[world]'/minecraft:overworld
[16:41:19] [Server thread/INFO]: Saving chunks for level 'ServerLevel[world_nether]'/minecraft:the_nether
[16:41:19] [Server thread/INFO]: Saving chunks for level 'ServerLevel[world_the_end]'/minecraft:the_end
[16:41:19] [Server thread/INFO]: ThreadedAnvilChunkStorage (world): All chunks are saved
[16:41:19] [Server thread/INFO]: ThreadedAnvilChunkStorage (DIM-1): All chunks are saved
[16:41:19] [Server thread/INFO]: ThreadedAnvilChunkStorage (DIM1): All chunks are saved
[16:41:19] [Server thread/INFO]: ThreadedAnvilChunkStorage: All dimensions are saved
